# JRE version: Java(TM) SE Runtime Environment (7.0_79-b15) (build 1.7.0_79-b15)
# Java VM: Java HotSpot(TM) 64-Bit Server VM (24.79-b02 mixed mode windows-amd64 compressed oops)
Heap
 PSYoungGen      total 69120K, used 36948K [0x00000000faa80000, 0x0000000100000000, 0x0000000100000000)
  eden space 51712K, 49% used [0x00000000faa80000,0x00000000fc343c30,0x00000000fdd00000)
  from space 17408K, 66% used [0x00000000fee80000,0x00000000ff9d1410,0x00000000fff80000)
  to   space 17920K, 0% used [0x00000000fdd00000,0x00000000fdd00000,0x00000000fee80000)
 ParOldGen       total 80384K, used 43958K [0x00000000f0000000, 0x00000000f4e80000, 0x00000000faa80000)
  object space 80384K, 54% used [0x00000000f0000000,0x00000000f2aedbf0,0x00000000f4e80000)
 PSPermGen       total 57856K, used 48329K [0x00000000eae00000, 0x00000000ee680000, 0x00000000f0000000)
  object space 57856K, 83% used [0x00000000eae00000,0x00000000edd32770,0x00000000ee680000)
GC Heap History (10 events):
Event: 53.312 GC heap before
{Heap before GC invocations=22 (full 2):
 PSYoungGen      total 70144K, used 58388K [0x00000000faa80000, 0x0000000100000000, 0x0000000100000000)
  eden space 52736K, 100% used [0x00000000faa80000,0x00000000fde00000,0x00000000fde00000)
  from space 17408K, 32% used [0x00000000fde00000,0x00000000fe3852c0,0x00000000fef00000)
  to   space 17408K, 0% used [0x00000000fef00000,0x00000000fef00000,0x0000000100000000)
 ParOldGen       total 80384K, used 38817K [0x00000000f0000000, 0x00000000f4e80000, 0x00000000faa80000)
  object space 80384K, 48% used [0x00000000f0000000,0x00000000f25e86c0,0x00000000f4e80000)
 PSPermGen       total 57856K, used 36881K [0x00000000eae00000, 0x00000000ee680000, 0x00000000f0000000)
  object space 57856K, 63% used [0x00000000eae00000,0x00000000ed2045e0,0x00000000ee680000)
Event: 53.348 GC heap after
Heap after GC invocations=22 (full 2):
 PSYoungGen      total 69120K, used 5962K [0x00000000faa80000, 0x00000000fff00000, 0x0000000100000000)
  eden space 52736K, 0% used [0x00000000faa80000,0x00000000faa80000,0x00000000fde00000)
  from space 16384K, 36% used [0x00000000fef00000,0x00000000ff4d2a48,0x00000000fff00000)
  to   space 16896K, 0% used [0x00000000fde00000,0x00000000fde00000,0x00000000fee80000)
 ParOldGen       total 80384K, used 40811K [0x00000000f0000000, 0x00000000f4e80000, 0x00000000faa80000)
  object space 80384K, 50% used [0x00000000f0000000,0x00000000f27dae30,0x00000000f4e80000)
 PSPermGen       total 57856K, used 36881K [0x00000000eae00000, 0x00000000ee680000, 0x00000000f0000000)
  object space 57856K, 63% used [0x00000000eae00000,0x00000000ed2045e0,0x00000000ee680000)
}
Event: 54.154 GC heap before
{Heap before GC invocations=23 (full 2):
 PSYoungGen      total 69120K, used 58698K [0x00000000faa80000, 0x00000000fff00000, 0x0000000100000000)
  eden space 52736K, 100% used [0x00000000faa80000,0x00000000fde00000,0x00000000fde00000)
  from space 16384K, 36% used [0x00000000fef00000,0x00000000ff4d2a48,0x00000000fff00000)
  to   space 16896K, 0% used [0x00000000fde00000,0x00000000fde00000,0x00000000fee80000)
 ParOldGen       total 80384K, used 40811K [0x00000000f0000000, 0x00000000f4e80000, 0x00000000faa80000)
  object space 80384K, 50% used [0x00000000f0000000,0x00000000f27dae30,0x00000000f4e80000)
 PSPermGen       total 57856K, used 37646K [0x00000000eae00000, 0x00000000ee680000, 0x00000000f0000000)
  object space 57856K, 65% used [0x00000000eae00000,0x00000000ed2c3b28,0x00000000ee680000)
Event: 54.169 GC heap after
Heap after GC invocations=23 (full 2):
 PSYoungGen      total 69632K, used 2096K [0x00000000faa80000, 0x0000000100000000, 0x0000000100000000)
  eden space 52736K, 0% used [0x00000000faa80000,0x00000000faa80000,0x00000000fde00000)
  from space 16896K, 12% used [0x00000000fde00000,0x00000000fe00c1e8,0x00000000fee80000)
  to   space 17408K, 0% used [0x00000000fef00000,0x00000000fef00000,0x0000000100000000)
 ParOldGen       total 80384K, used 42675K [0x00000000f0000000, 0x00000000f4e80000, 0x00000000faa80000)
  object space 80384K, 53% used [0x00000000f0000000,0x00000000f29ace90,0x00000000f4e80000)
 PSPermGen       total 57856K, used 37646K [0x00000000eae00000, 0x00000000ee680000, 0x00000000f0000000)
  object space 57856K, 65% used [0x00000000eae00000,0x00000000ed2c3b28,0x00000000ee680000)
}
Event: 55.059 GC heap before
{Heap before GC invocations=24 (full 2):
 PSYoungGen      total 69632K, used 54832K [0x00000000faa80000, 0x0000000100000000, 0x0000000100000000)
  eden space 52736K, 100% used [0x00000000faa80000,0x00000000fde00000,0x00000000fde00000)
  from space 16896K, 12% used [0x00000000fde00000,0x00000000fe00c1e8,0x00000000fee80000)
  to   space 17408K, 0% used [0x00000000fef00000,0x00000000fef00000,0x0000000100000000)
 ParOldGen       total 80384K, used 42675K [0x00000000f0000000, 0x00000000f4e80000, 0x00000000faa80000)
  object space 80384K, 53% used [0x00000000f0000000,0x00000000f29ace90,0x00000000f4e80000)
 PSPermGen       total 57856K, used 38042K [0x00000000eae00000, 0x00000000ee680000, 0x00000000f0000000)
  object space 57856K, 65% used [0x00000000eae00000,0x00000000ed326b30,0x00000000ee680000)
Event: 55.068 GC heap after
Heap after GC invocations=24 (full 2):
 PSYoungGen      total 69120K, used 1776K [0x00000000faa80000, 0x0000000100000000, 0x0000000100000000)
  eden space 51712K, 0% used [0x00000000faa80000,0x00000000faa80000,0x00000000fdd00000)
  from space 17408K, 10% used [0x00000000fef00000,0x00000000ff0bc300,0x0000000100000000)
  to   space 17920K, 0% used [0x00000000fdd00000,0x00000000fdd00000,0x00000000fee80000)
 ParOldGen       total 80384K, used 43950K [0x00000000f0000000, 0x00000000f4e80000, 0x00000000faa80000)
  object space 80384K, 54% used [0x00000000f0000000,0x00000000f2aebbf0,0x00000000f4e80000)
 PSPermGen       total 57856K, used 38042K [0x00000000eae00000, 0x00000000ee680000, 0x00000000f0000000)
  object space 57856K, 65% used [0x00000000eae00000,0x00000000ed326b30,0x00000000ee680000)
}
Event: 56.784 GC heap before
{Heap before GC invocations=25 (full 2):
 PSYoungGen      total 69120K, used 53488K [0x00000000faa80000, 0x0000000100000000, 0x0000000100000000)
  eden space 51712K, 100% used [0x00000000faa80000,0x00000000fdd00000,0x00000000fdd00000)
  from space 17408K, 10% used [0x00000000fef00000,0x00000000ff0bc300,0x0000000100000000)
  to   space 17920K, 0% used [0x00000000fdd00000,0x00000000fdd00000,0x00000000fee80000)
 ParOldGen       total 80384K, used 43950K [0x00000000f0000000, 0x00000000f4e80000, 0x00000000faa80000)
  object space 80384K, 54% used [0x00000000f0000000,0x00000000f2aebbf0,0x00000000f4e80000)
 PSPermGen       total 57856K, used 42971K [0x00000000eae00000, 0x00000000ee680000, 0x00000000f0000000)
  object space 57856K, 74% used [0x00000000eae00000,0x00000000ed7f6ff8,0x00000000ee680000)
Event: 56.797 GC heap after
Heap after GC invocations=25 (full 2):
 PSYoungGen      total 69632K, used 9786K [0x00000000faa80000, 0x00000000fff80000, 0x0000000100000000)
  eden space 51712K, 0% used [0x00000000faa80000,0x00000000faa80000,0x00000000fdd00000)
  from space 17920K, 54% used [0x00000000fdd00000,0x00000000fe68eae8,0x00000000fee80000)
  to   space 17408K, 0% used [0x00000000fee80000,0x00000000fee80000,0x00000000fff80000)
 ParOldGen       total 80384K, used 43950K [0x00000000f0000000, 0x00000000f4e80000, 0x00000000faa80000)
  object space 80384K, 54% used [0x00000000f0000000,0x00000000f2aebbf0,0x00000000f4e80000)
 PSPermGen       total 57856K, used 42971K [0x00000000eae00000, 0x00000000ee680000, 0x00000000f0000000)
  object space 57856K, 74% used [0x00000000eae00000,0x00000000ed7f6ff8,0x00000000ee680000)
}
Event: 421.001 GC heap before
{Heap before GC invocations=26 (full 2):
 PSYoungGen      total 69632K, used 61498K [0x00000000faa80000, 0x00000000fff80000, 0x0000000100000000)
  eden space 51712K, 100% used [0x00000000faa80000,0x00000000fdd00000,0x00000000fdd00000)
  from space 17920K, 54% used [0x00000000fdd00000,0x00000000fe68eae8,0x00000000fee80000)
  to   space 17408K, 0% used [0x00000000fee80000,0x00000000fee80000,0x00000000fff80000)
 ParOldGen       total 80384K, used 43950K [0x00000000f0000000, 0x00000000f4e80000, 0x00000000faa80000)
  object space 80384K, 54% used [0x00000000f0000000,0x00000000f2aebbf0,0x00000000f4e80000)
 PSPermGen       total 57856K, used 47970K [0x00000000eae00000, 0x00000000ee680000, 0x00000000f0000000)
  object space 57856K, 82% used [0x00000000eae00000,0x00000000edcd8920,0x00000000ee680000)
Event: 421.023 GC heap after
Heap after GC invocations=26 (full 2):
 PSYoungGen      total 69120K, used 11589K [0x00000000faa80000, 0x0000000100000000, 0x0000000100000000)
  eden space 51712K, 0% used [0x00000000faa80000,0x00000000faa80000,0x00000000fdd00000)
  from space 17408K, 66% used [0x00000000fee80000,0x00000000ff9d1410,0x00000000fff80000)
  to   space 17920K, 0% used [0x00000000fdd00000,0x00000000fdd00000,0x00000000fee80000)
 ParOldGen       total 80384K, used 43958K [0x00000000f0000000, 0x00000000f4e80000, 0x00000000faa80000)
  object space 80384K, 54% used [0x00000000f0000000,0x00000000f2aedbf0,0x00000000f4e80000)
 PSPermGen       total 57856K, used 47970K [0x00000000eae00000, 0x00000000ee680000, 0x00000000f0000000)
  object space 57856K, 82% used [0x00000000eae00000,0x00000000edcd8920,0x00000000ee680000)
}

